<?xml version="1.0" encoding="UTF-8"?>
<testsuite xmlns:xsi="http://www.w3.org/2001/XMLSchema-instance" xsi:noNamespaceSchemaLocation="https://maven.apache.org/surefire/maven-surefire-plugin/xsd/surefire-test-report-3.0.xsd" version="3.0" name="BurgerTest" time="0.971" tests="6" errors="0" skipped="0" failures="0">
  <properties>
[...]
</properties>
  <testcase name="getPriceTest" classname="BurgerTest" time="0.257"/>
  <testcase name="moveIngredientsTest" classname="BurgerTest" time="0.001"/>
  <testcase name="addIngredientTest" classname="BurgerTest" time="0.001"/>
  <testcase name="createBurgerTest" classname="BurgerTest" time="0.0"/>
  <testcase name="removeIngredientTest" classname="BurgerTest" time="0.001"/>
  <testcase name="getReceiptTest" classname="BurgerTest" time="0.046"/>
</testsuite>